\BOOKMARK [0][-]{chapter*.2}{\376\377\000T\000a\000b\000l\000e\000\040\000o\000f\000\040\000C\000o\000n\000t\000e\000n\000t\000s}{}% 1
\BOOKMARK [0][-]{section*.3}{\376\377\000L\000i\000s\000t\000\040\000o\000f\000\040\000F\000i\000g\000u\000r\000e\000s}{}% 2
\BOOKMARK [0][-]{chapter.1}{\376\377\000I\000n\000t\000r\000o\000d\000u\000c\000t\000i\000o\000n}{}% 3
\BOOKMARK [1][-]{section.1.1}{\376\377\000W\000h\000y\000\040\000p\000o\000l\000y\000n\000o\000m\000i\000a\000l\000s\000?}{chapter.1}% 4
\BOOKMARK [0][-]{chapter.2}{\376\377\000T\000h\000e\000\040\000K\000a\000k\000e\000y\000a\000\040\000P\000r\000o\000b\000l\000e\000m\000\040\000i\000n\000\040\000F\000i\000n\000i\000t\000e\000\040\000F\000i\000e\000l\000d\000s\000\040}{}% 5
\BOOKMARK [1][-]{section.2.1}{\376\377\000C\000o\000m\000b\000i\000n\000a\000t\000o\000r\000i\000a\000l\000\040\000A\000t\000t\000e\000m\000p\000t\000s}{chapter.2}% 6
\BOOKMARK [2][-]{subsection.2.1.1}{\376\377\000B\000u\000s\000h\000\040\000A\000r\000g\000u\000m\000e\000n\000t}{section.2.1}% 7
\BOOKMARK [2][-]{subsection.2.1.2}{\376\377\000H\000a\000i\000r\000b\000r\000u\000s\000h\000\040\000A\000r\000g\000u\000m\000e\000n\000t}{section.2.1}% 8
\BOOKMARK [1][-]{section.2.2}{\376\377\000D\000v\000i\000r\000'\000s\000\040\000P\000r\000o\000o\000f\000\040}{chapter.2}% 9
\BOOKMARK [0][-]{chapter.3}{\376\377\000C\000a\000u\000c\000h\000y\000-\000D\000a\000v\000e\000n\000p\000o\000r\000t\000\040\000T\000h\000e\000o\000r\000e\000m\000\040}{}% 10
\BOOKMARK [1][-]{section.3.1}{\376\377\000C\000o\000m\000b\000i\000n\000a\000t\000o\000r\000i\000a\000l\000\040\000N\000u\000l\000l\000s\000t\000e\000l\000l\000e\000n\000s\000a\000t\000z}{chapter.3}% 11
\BOOKMARK [1][-]{section.3.2}{\376\377\000P\000r\000o\000o\000f\000\040\000o\000f\000\040\000C\000a\000u\000c\000h\000y\000-\000D\000a\000v\000e\000n\000p\000o\000r\000t\000\040\000T\000h\000e\000o\000r\000e\000m}{chapter.3}% 12
\BOOKMARK [0][-]{chapter.4}{\376\377\000T\000h\000e\000\040\000J\000o\000i\000n\000t\000s\000\040\000P\000r\000o\000b\000l\000e\000m\000\040}{}% 13
\BOOKMARK [1][-]{section.4.1}{\376\377\000E\000x\000a\000m\000p\000l\000e\000s}{chapter.4}% 14
\BOOKMARK [1][-]{section.4.2}{\376\377\000S\000o\000l\000u\000t\000i\000o\000n\000\040\000o\000f\000\040\000t\000h\000e\000\040\000J\000o\000i\000n\000t\000s\000\040\000P\000r\000o\000b\000l\000e\000m}{chapter.4}% 15
\BOOKMARK [0][-]{chapter.5}{\376\377\000S\000z\000e\000m\000e\000r\000\351\000d\000i\000-\000T\000r\000o\000t\000t\000e\000r\000\040\000T\000h\000e\000o\000r\000e\000m\000\040}{}% 16
\BOOKMARK [1][-]{section.5.1}{\376\377\000T\000h\000e\000\040\000T\000r\000i\000v\000i\000a\000l\000\040\000B\000o\000u\000n\000d\000s}{chapter.5}% 17
\BOOKMARK [1][-]{section.5.2}{\376\377\000E\000x\000a\000m\000p\000l\000e\000s}{chapter.5}% 18
\BOOKMARK [1][-]{section.5.3}{\376\377\000H\000a\000m\000\040\000S\000a\000n\000d\000w\000i\000c\000h\000\040\000T\000h\000e\000o\000r\000e\000m\000s\000\040}{chapter.5}% 19
\BOOKMARK [1][-]{section.5.4}{\376\377\000P\000r\000o\000o\000f\000\040\000o\000f\000\040\000t\000h\000e\000\040\000S\000z\000e\000m\000e\000r\000\351\000d\000i\000-\000T\000r\000o\000t\000t\000e\000r\000\040\000T\000h\000e\000o\000r\000e\000m\000\040}{chapter.5}% 20
\BOOKMARK [0][-]{chapter.6}{\376\377\000C\000o\000u\000n\000t\000i\000n\000g\000\040\000C\000i\000r\000c\000l\000e\000\040\000T\000a\000n\000g\000e\000n\000c\000i\000e\000s}{}% 21
\BOOKMARK [1][-]{section.6.1}{\376\377\000T\000r\000i\000v\000i\000a\000l\000\040\000B\000o\000u\000n\000d\000s}{chapter.6}% 22
\BOOKMARK [1][-]{section.6.2}{\376\377\000L\000i\000f\000t\000i\000n\000g\000\040\000o\000f\000\040\000c\000i\000r\000c\000l\000e\000s\000\040\000t\000o\000\040\000R\0003}{chapter.6}% 23
\BOOKMARK [1][-]{section.6.3}{\376\377\000E\000l\000l\000e\000n\000b\000e\000r\000g\000-\000S\000o\000l\000y\000m\000o\000s\000i\000-\000Z\000a\000h\000l\000'\000s\000\040\000P\000r\000o\000o\000f}{chapter.6}% 24
\BOOKMARK [1][-]{section.6.4}{\376\377\000N\000e\000w\000\040\000P\000r\000o\000o\000f\000\040\000v\000i\000a\000\040\000P\000o\000l\000y\000n\000o\000m\000i\000a\000l\000\040\000P\000a\000r\000t\000i\000t\000i\000o\000n\000i\000n\000g}{chapter.6}% 25
\BOOKMARK [1][-]{section.6.5}{\376\377\000S\000p\000h\000e\000r\000e\000\040\000T\000a\000n\000g\000e\000n\000c\000i\000e\000s\000\040\000i\000n\000\040\000R\0003}{chapter.6}% 26
\BOOKMARK [0][-]{chapter*.46}{\376\377\000R\000e\000f\000e\000r\000e\000n\000c\000e\000s}{}% 27
\BOOKMARK [0][-]{section*.47}{\376\377\000A\000p\000p\000e\000n\000d\000i\000c\000e\000s}{}% 28
\BOOKMARK [0][-]{appendix.A}{\376\377\000P\000r\000o\000o\000f\000\040\000o\000f\000\040\000B\000\351\000z\000o\000u\000t\000'\000s\000\040\000L\000e\000m\000m\000a}{}% 29
\BOOKMARK [0][-]{appendix.B}{\376\377\000P\000r\000o\000o\000f\000\040\000o\000f\000\040\000B\000o\000r\000s\000u\000k\000-\000U\000l\000a\000m\000\040\000T\000h\000e\000o\000r\000e\000m}{}% 30
